[2026-05-14T15:10:20.649Z] SESSION_START host=nandal-pc.local cwd=/Users/nandal/Desktop/desk/repos/vs-code-ext
[2026-05-14T15:10:54.341Z] CALL bash (rate: 1/min)
[2026-05-14T15:10:54.343Z] CALL read (rate: 2/min)
[2026-05-14T15:11:03.042Z] CALL read (rate: 3/min)
[2026-05-14T15:11:03.042Z] CALL read (rate: 4/min)
[2026-05-14T15:11:03.043Z] CALL read (rate: 5/min)
[2026-05-14T15:11:03.043Z] CALL read (rate: 6/min)
[2026-05-14T15:11:03.043Z] CALL bash (rate: 7/min)
[2026-05-14T15:11:16.019Z] CALL bash (rate: 8/min)
[2026-05-14T15:11:29.473Z] CALL write (rate: 9/min)
[2026-05-14T15:11:29.490Z] CALL write (rate: 10/min)
[2026-05-14T15:11:33.416Z] CALL bash (rate: 11/min)
[2026-05-14T15:11:55.975Z] CALL bash (rate: 10/min)
[2026-05-14T15:12:00.240Z] CALL bash (rate: 11/min)
[2026-05-14T15:12:36.310Z] CALL bash (rate: 3/min)
[2026-05-14T15:12:43.367Z] CALL bash (rate: 4/min)
[2026-05-14T15:13:36.872Z] CALL read (rate: 2/min)
[2026-05-14T15:13:36.873Z] CALL read (rate: 3/min)
[2026-05-14T15:13:36.873Z] CALL read (rate: 4/min)
[2026-05-14T15:13:58.755Z] CALL bash (rate: 4/min)
[2026-05-14T15:14:05.581Z] CALL edit (rate: 5/min)
[2026-05-14T15:14:28.970Z] CALL contrib_propose (rate: 6/min)
